<?xml version="1.0" encoding="UTF-8"?>
<!-- Generated by org.testng.reporters.JUnitReportReporter -->
<testsuite hostname="DESKTOP-UAOKV2O" failures="0" tests="13" name="testngsessions.openCartTest" time="0.054" errors="0" timestamp="2024-03-27T00:53:13 GST" skipped="0">
  <testcase classname="testngsessions.openCartTest" name="test34" time="0.004"/>
  <testcase classname="testngsessions.openCartTest" name="test2" time="0.003"/>
  <testcase classname="testngsessions.openCartTest" name="test1" time="0.004"/>
  <testcase classname="testngsessions.openCartTest" name="test34" time="0.002"/>
  <testcase classname="testngsessions.openCartTest" name="test34" time="0.003"/>
  <testcase classname="testngsessions.openCartTest" name="test34" time="0.002"/>
  <testcase classname="testngsessions.openCartTest" name="test" time="0.016"/>
  <testcase classname="testngsessions.openCartTest" name="test34" time="0.004"/>
  <testcase classname="testngsessions.openCartTest" name="test34" time="0.004"/>
  <testcase classname="testngsessions.openCartTest" name="test34" time="0.003"/>
  <testcase classname="testngsessions.openCartTest" name="test34" time="0.003"/>
  <testcase classname="testngsessions.openCartTest" name="test34" time="0.003"/>
  <testcase classname="testngsessions.openCartTest" name="test34" time="0.003"/>
</testsuite> <!-- testngsessions.openCartTest -->
