<?xml version="1.0" encoding="UTF-8"?>
<!-- Generated by org.testng.reporters.JUnitReportReporter -->
<testsuite hostname="DESKTOP-UAOKV2O" failures="0" tests="2" name="testngsessions.GoogleTest" time="0.033" errors="0" timestamp="2024-03-27T17:40:03 GST" skipped="0">
  <testcase classname="testngsessions.GoogleTest" name="TC101_getTitle" time="0.018"/>
  <testcase classname="testngsessions.GoogleTest" name="TC102_getCurrentUrl" time="0.015"/>
</testsuite> <!-- testngsessions.GoogleTest -->
