<?xml version="1.0" encoding="UTF-8"?>
<!-- Generated by org.testng.reporters.JUnitReportReporter -->
<testsuite hostname="DESKTOP-UAOKV2O" failures="0" tests="11" name="testngsessions.priorityConcepts" time="0.200" errors="0" timestamp="2024-03-28T20:06:29 GST" skipped="0">
  <testcase classname="testngsessions.priorityConcepts" name="TC101_getTitle" time="0.017"/>
  <testcase classname="testngsessions.priorityConcepts" name="TC101_getTitle" time="0.016"/>
  <testcase classname="testngsessions.priorityConcepts" name="TC101_getTitle" time="0.018"/>
  <testcase classname="testngsessions.priorityConcepts" name="TC101_getTitle" time="0.016"/>
  <testcase classname="testngsessions.priorityConcepts" name="TC101_getTitle" time="0.014"/>
  <testcase classname="testngsessions.priorityConcepts" name="TC101_getTitle" time="0.020"/>
  <testcase classname="testngsessions.priorityConcepts" name="TC101_getTitle" time="0.020"/>
  <testcase classname="testngsessions.priorityConcepts" name="TC101_getTitle" time="0.023"/>
  <testcase classname="testngsessions.priorityConcepts" name="TC101_getTitle" time="0.024"/>
  <testcase classname="testngsessions.priorityConcepts" name="TC101_getTitle" time="0.016"/>
  <testcase classname="testngsessions.priorityConcepts" name="TC102_getCurrentUrl" time="0.016"/>
</testsuite> <!-- testngsessions.priorityConcepts -->
